Starting OrderServiceTest on localhost with PID 36349 (started by anqi in /Users/anqi/IdeaProjects/sell)
No active profile set, falling back to default profiles: default
No MyBatis mapper was found in '[com.anqi.sell]' package. Please check your configuration.
Exception encountered during context initialization - cancelling refresh attempt: org.springframework.beans.factory.UnsatisfiedDependencyException: Error creating bean with name 'buyerProductController': Unsatisfied dependency expressed through field 'productService'; nested exception is org.springframework.beans.factory.UnsatisfiedDependencyException: Error creating bean with name 'productServiceImpl': Unsatisfied dependency expressed through field 'productInfoDao'; nested exception is org.springframework.beans.factory.NoSuchBeanDefinitionException: No qualifying bean of type 'com.anqi.sell.dao.ProductInfoDao' available: expected at least 1 bean which qualifies as autowire candidate. Dependency annotations: {@org.springframework.beans.factory.annotation.Autowired(required=true)}


Error starting ApplicationContext. To display the conditions report re-run your application with 'debug' enabled.
Starting OrderServiceTest on localhost with PID 36360 (started by anqi in /Users/anqi/IdeaProjects/sell)
No active profile set, falling back to default profiles: default
No MyBatis mapper was found in '[com.anqi.sell]' package. Please check your configuration.
Exception encountered during context initialization - cancelling refresh attempt: org.springframework.beans.factory.UnsatisfiedDependencyException: Error creating bean with name 'buyerProductController': Unsatisfied dependency expressed through field 'productService'; nested exception is org.springframework.beans.factory.UnsatisfiedDependencyException: Error creating bean with name 'productServiceImpl': Unsatisfied dependency expressed through field 'productInfoDao'; nested exception is org.springframework.beans.factory.NoSuchBeanDefinitionException: No qualifying bean of type 'com.anqi.sell.dao.ProductInfoDao' available: expected at least 1 bean which qualifies as autowire candidate. Dependency annotations: {@org.springframework.beans.factory.annotation.Autowired(required=true)}


Error starting ApplicationContext. To display the conditions report re-run your application with 'debug' enabled.
Starting OrderServiceTest on localhost with PID 36375 (started by anqi in /Users/anqi/IdeaProjects/sell)
No active profile set, falling back to default profiles: default
No MyBatis mapper was found in '[com.anqi.sell]' package. Please check your configuration.
Exception encountered during context initialization - cancelling refresh attempt: org.springframework.beans.factory.UnsatisfiedDependencyException: Error creating bean with name 'categoryServiceImpl': Unsatisfied dependency expressed through field 'productCategoryDao'; nested exception is org.springframework.beans.factory.NoSuchBeanDefinitionException: No qualifying bean of type 'com.anqi.sell.dao.ProductCategoryDao' available: expected at least 1 bean which qualifies as autowire candidate. Dependency annotations: {@org.springframework.beans.factory.annotation.Autowired(required=true)}


Error starting ApplicationContext. To display the conditions report re-run your application with 'debug' enabled.
Starting OrderServiceTest on localhost with PID 36393 (started by anqi in /Users/anqi/IdeaProjects/sell)
No active profile set, falling back to default profiles: default
No MyBatis mapper was found in '[com.anqi.sell]' package. Please check your configuration.
Exception encountered during context initialization - cancelling refresh attempt: org.springframework.beans.factory.UnsatisfiedDependencyException: Error creating bean with name 'categoryServiceImpl': Unsatisfied dependency expressed through field 'productCategoryDao'; nested exception is org.springframework.beans.factory.NoSuchBeanDefinitionException: No qualifying bean of type 'com.anqi.sell.dao.ProductCategoryDao' available: expected at least 1 bean which qualifies as autowire candidate. Dependency annotations: {@org.springframework.beans.factory.annotation.Autowired(required=true)}


Error starting ApplicationContext. To display the conditions report re-run your application with 'debug' enabled.
Starting OrderServiceTest on localhost with PID 36405 (started by anqi in /Users/anqi/IdeaProjects/sell)
No active profile set, falling back to default profiles: default
Initializing ExecutorService 'applicationTaskExecutor'
Started OrderServiceTest in 2.418 seconds (JVM running for 3.08)
Shutting down ExecutorService 'applicationTaskExecutor'
Starting OrderServiceTest on localhost with PID 36419 (started by anqi in /Users/anqi/IdeaProjects/sell)
No active profile set, falling back to default profiles: default
Starting OrderServiceTest on localhost with PID 36425 (started by anqi in /Users/anqi/IdeaProjects/sell)
No active profile set, falling back to default profiles: default
Starting OrderServiceTest on localhost with PID 36471 (started by anqi in /Users/anqi/IdeaProjects/sell)
No active profile set, falling back to default profiles: default
Initializing ExecutorService 'applicationTaskExecutor'
Started OrderServiceTest in 2.415 seconds (JVM running for 3.121)
Shutting down ExecutorService 'applicationTaskExecutor'
Starting OrderServiceTest on localhost with PID 36509 (started by anqi in /Users/anqi/IdeaProjects/sell)
No active profile set, falling back to default profiles: default
Exception encountered during context initialization - cancelling refresh attempt: org.springframework.beans.factory.UnsatisfiedDependencyException: Error creating bean with name 'categoryServiceImpl': Unsatisfied dependency expressed through field 'productCategoryDao'; nested exception is org.springframework.beans.factory.UnsatisfiedDependencyException: Error creating bean with name 'productCategoryDao' defined in file [/Users/anqi/IdeaProjects/sell/target/classes/com/anqi/sell/dao/ProductCategoryDao.class]: Unsatisfied dependency expressed through bean property 'sqlSessionFactory'; nested exception is org.springframework.beans.factory.UnsatisfiedDependencyException: Error creating bean with name 'org.mybatis.spring.boot.autoconfigure.MybatisAutoConfiguration': Unsatisfied dependency expressed through constructor parameter 0; nested exception is org.springframework.boot.context.properties.ConfigurationPropertiesBindException: Error creating bean with name 'mybatis-org.mybatis.spring.boot.autoconfigure.MybatisProperties': Could not bind properties to 'MybatisProperties' : prefix=mybatis, ignoreInvalidFields=false, ignoreUnknownFields=true; nested exception is org.springframework.boot.context.properties.bind.BindException: Failed to bind properties under 'mybatis.configuration' to org.apache.ibatis.session.Configuration


Error starting ApplicationContext. To display the conditions report re-run your application with 'debug' enabled.
Starting OrderServiceTest on localhost with PID 36526 (started by anqi in /Users/anqi/IdeaProjects/sell)
No active profile set, falling back to default profiles: default
Initializing ExecutorService 'applicationTaskExecutor'
Started OrderServiceTest in 2.396 seconds (JVM running for 3.104)
Shutting down ExecutorService 'applicationTaskExecutor'
Starting OrderServiceTest on localhost with PID 36535 (started by anqi in /Users/anqi/IdeaProjects/sell)
No active profile set, falling back to default profiles: default
Initializing ExecutorService 'applicationTaskExecutor'
Started OrderServiceTest in 2.307 seconds (JVM running for 2.97)
Shutting down ExecutorService 'applicationTaskExecutor'
Starting OrderServiceTest on localhost with PID 36552 (started by anqi in /Users/anqi/IdeaProjects/sell)
No active profile set, falling back to default profiles: default
Initializing ExecutorService 'applicationTaskExecutor'
Started OrderServiceTest in 2.389 seconds (JVM running for 3.06)
Shutting down ExecutorService 'applicationTaskExecutor'
Starting OrderServiceTest on localhost with PID 36560 (started by anqi in /Users/anqi/IdeaProjects/sell)
No active profile set, falling back to default profiles: default
Initializing ExecutorService 'applicationTaskExecutor'
Started OrderServiceTest in 2.337 seconds (JVM running for 2.985)
Shutting down ExecutorService 'applicationTaskExecutor'
Starting OrderServiceTest on localhost with PID 36571 (started by anqi in /Users/anqi/IdeaProjects/sell)
No active profile set, falling back to default profiles: default
Exception encountered during context initialization - cancelling refresh attempt: org.springframework.beans.factory.UnsatisfiedDependencyException: Error creating bean with name 'categoryServiceImpl': Unsatisfied dependency expressed through field 'productCategoryDao'; nested exception is org.springframework.beans.factory.UnsatisfiedDependencyException: Error creating bean with name 'productCategoryDao' defined in file [/Users/anqi/IdeaProjects/sell/target/classes/com/anqi/sell/dao/ProductCategoryDao.class]: Unsatisfied dependency expressed through bean property 'sqlSessionFactory'; nested exception is org.springframework.beans.factory.BeanCreationException: Error creating bean with name 'sqlSessionFactory' defined in class path resource [org/mybatis/spring/boot/autoconfigure/MybatisAutoConfiguration.class]: Bean instantiation via factory method failed; nested exception is org.springframework.beans.BeanInstantiationException: Failed to instantiate [org.apache.ibatis.session.SqlSessionFactory]: Factory method 'sqlSessionFactory' threw exception; nested exception is org.springframework.core.NestedIOException: Failed to parse mapping resource: 'file [/Users/anqi/IdeaProjects/sell/target/classes/mappers/OrderDetailMapper.xml]'; nested exception is org.apache.ibatis.builder.BuilderException: Error creating document instance.  Cause: org.xml.sax.SAXParseException; lineNumber: 124; columnNumber: 17; 文件提前结束。


Error starting ApplicationContext. To display the conditions report re-run your application with 'debug' enabled.
Starting OrderServiceTest on localhost with PID 36582 (started by anqi in /Users/anqi/IdeaProjects/sell)
No active profile set, falling back to default profiles: default
Initializing ExecutorService 'applicationTaskExecutor'
Started OrderServiceTest in 2.353 seconds (JVM running for 3.018)
Shutting down ExecutorService 'applicationTaskExecutor'
Starting OrderServiceTest on localhost with PID 36594 (started by anqi in /Users/anqi/IdeaProjects/sell)
No active profile set, falling back to default profiles: default
Exception encountered during context initialization - cancelling refresh attempt: org.springframework.beans.factory.UnsatisfiedDependencyException: Error creating bean with name 'categoryServiceImpl': Unsatisfied dependency expressed through field 'productCategoryDao'; nested exception is org.springframework.beans.factory.UnsatisfiedDependencyException: Error creating bean with name 'productCategoryDao' defined in file [/Users/anqi/IdeaProjects/sell/target/classes/com/anqi/sell/dao/ProductCategoryDao.class]: Unsatisfied dependency expressed through bean property 'sqlSessionFactory'; nested exception is org.springframework.beans.factory.BeanCreationException: Error creating bean with name 'sqlSessionFactory' defined in class path resource [org/mybatis/spring/boot/autoconfigure/MybatisAutoConfiguration.class]: Bean instantiation via factory method failed; nested exception is org.springframework.beans.BeanInstantiationException: Failed to instantiate [org.apache.ibatis.session.SqlSessionFactory]: Factory method 'sqlSessionFactory' threw exception; nested exception is org.springframework.core.NestedIOException: Failed to parse mapping resource: 'file [/Users/anqi/IdeaProjects/sell/target/classes/mappers/OrderDetailMapper.xml]'; nested exception is org.apache.ibatis.builder.BuilderException: Error parsing Mapper XML. The XML location is 'file [/Users/anqi/IdeaProjects/sell/target/classes/mappers/OrderDetailMapper.xml]'. Cause: java.lang.IllegalArgumentException: Mapped Statements collection already contains value for com.anqi.sell.dao.OrderDetailDao.insertSelective. please check file [/Users/anqi/IdeaProjects/sell/target/classes/mappers/OrderDetailMapper.xml] and file [/Users/anqi/IdeaProjects/sell/target/classes/mappers/OrderDetailMapper.xml]


Error starting ApplicationContext. To display the conditions report re-run your application with 'debug' enabled.
Starting OrderServiceTest on localhost with PID 36602 (started by anqi in /Users/anqi/IdeaProjects/sell)
No active profile set, falling back to default profiles: default
Exception encountered during context initialization - cancelling refresh attempt: org.springframework.beans.factory.UnsatisfiedDependencyException: Error creating bean with name 'categoryServiceImpl': Unsatisfied dependency expressed through field 'productCategoryDao'; nested exception is org.springframework.beans.factory.UnsatisfiedDependencyException: Error creating bean with name 'productCategoryDao' defined in file [/Users/anqi/IdeaProjects/sell/target/classes/com/anqi/sell/dao/ProductCategoryDao.class]: Unsatisfied dependency expressed through bean property 'sqlSessionFactory'; nested exception is org.springframework.beans.factory.BeanCreationException: Error creating bean with name 'sqlSessionFactory' defined in class path resource [org/mybatis/spring/boot/autoconfigure/MybatisAutoConfiguration.class]: Bean instantiation via factory method failed; nested exception is org.springframework.beans.BeanInstantiationException: Failed to instantiate [org.apache.ibatis.session.SqlSessionFactory]: Factory method 'sqlSessionFactory' threw exception; nested exception is org.springframework.core.NestedIOException: Failed to parse mapping resource: 'file [/Users/anqi/IdeaProjects/sell/target/classes/mappers/OrderDetailMapper.xml]'; nested exception is org.apache.ibatis.builder.BuilderException: Error parsing Mapper XML. The XML location is 'file [/Users/anqi/IdeaProjects/sell/target/classes/mappers/OrderDetailMapper.xml]'. Cause: java.lang.IllegalArgumentException: Mapped Statements collection already contains value for com.anqi.sell.dao.OrderDetailDao.insertSelective. please check file [/Users/anqi/IdeaProjects/sell/target/classes/mappers/OrderDetailMapper.xml] and file [/Users/anqi/IdeaProjects/sell/target/classes/mappers/OrderDetailMapper.xml]


Error starting ApplicationContext. To display the conditions report re-run your application with 'debug' enabled.
Starting OrderServiceTest on localhost with PID 36611 (started by anqi in /Users/anqi/IdeaProjects/sell)
No active profile set, falling back to default profiles: default
Initializing ExecutorService 'applicationTaskExecutor'
Started OrderServiceTest in 2.312 seconds (JVM running for 2.981)
{dataSource-1} inited
Shutting down ExecutorService 'applicationTaskExecutor'
{dataSource-1} closed
Starting OrderServiceTest on localhost with PID 36627 (started by anqi in /Users/anqi/IdeaProjects/sell)
No active profile set, falling back to default profiles: default
Initializing ExecutorService 'applicationTaskExecutor'
Started OrderServiceTest in 2.388 seconds (JVM running for 3.097)
{dataSource-1} inited
Shutting down ExecutorService 'applicationTaskExecutor'
{dataSource-1} closed
Starting OrderServiceTest on localhost with PID 36636 (started by anqi in /Users/anqi/IdeaProjects/sell)
No active profile set, falling back to default profiles: default
Initializing ExecutorService 'applicationTaskExecutor'
Started OrderServiceTest in 2.803 seconds (JVM running for 3.637)
{dataSource-1} inited
Shutting down ExecutorService 'applicationTaskExecutor'
{dataSource-1} closed
