Starting OrderServiceTest on localhost with PID 7715 (started by anqi in /Users/anqi/IdeaProjects/sell)
No active profile set, falling back to default profiles: default
Initializing ExecutorService 'applicationTaskExecutor'
Started OrderServiceTest in 2.716 seconds (JVM running for 3.551)
Shutting down ExecutorService 'applicationTaskExecutor'
Starting OrderServiceTest on localhost with PID 7739 (started by anqi in /Users/anqi/IdeaProjects/sell)
No active profile set, falling back to default profiles: default
Initializing ExecutorService 'applicationTaskExecutor'
Started OrderServiceTest in 2.438 seconds (JVM running for 3.135)
{dataSource-1} inited
Shutting down ExecutorService 'applicationTaskExecutor'
{dataSource-1} closed
Starting OrderServiceTest on localhost with PID 7750 (started by anqi in /Users/anqi/IdeaProjects/sell)
No active profile set, falling back to default profiles: default
Initializing ExecutorService 'applicationTaskExecutor'
Started OrderServiceTest in 2.416 seconds (JVM running for 3.073)
{dataSource-1} inited
Shutting down ExecutorService 'applicationTaskExecutor'
{dataSource-1} closed
Starting OrderServiceTest on localhost with PID 7761 (started by anqi in /Users/anqi/IdeaProjects/sell)
No active profile set, falling back to default profiles: default
Starting OrderServiceTest on localhost with PID 7770 (started by anqi in /Users/anqi/IdeaProjects/sell)
No active profile set, falling back to default profiles: default
Starting OrderServiceTest on localhost with PID 7798 (started by anqi in /Users/anqi/IdeaProjects/sell)
No active profile set, falling back to default profiles: default
Initializing ExecutorService 'applicationTaskExecutor'
Started OrderServiceTest in 43.979 seconds (JVM running for 44.867)
{dataSource-1} inited
Shutting down ExecutorService 'applicationTaskExecutor'
{dataSource-1} closed
Starting OrderServiceTest on localhost with PID 7818 (started by anqi in /Users/anqi/IdeaProjects/sell)
No active profile set, falling back to default profiles: default
Initializing ExecutorService 'applicationTaskExecutor'
Started OrderServiceTest in 2.944 seconds (JVM running for 3.867)
{dataSource-1} inited
Shutting down ExecutorService 'applicationTaskExecutor'
{dataSource-1} closed
Starting OrderServiceTest on localhost with PID 7834 (started by anqi in /Users/anqi/IdeaProjects/sell)
No active profile set, falling back to default profiles: default
Initializing ExecutorService 'applicationTaskExecutor'
Started OrderServiceTest in 2.996 seconds (JVM running for 3.871)
{dataSource-1} inited
Shutting down ExecutorService 'applicationTaskExecutor'
{dataSource-1} closed
Starting OrderServiceTest on localhost with PID 7863 (started by anqi in /Users/anqi/IdeaProjects/sell)
No active profile set, falling back to default profiles: default
Initializing ExecutorService 'applicationTaskExecutor'
Started OrderServiceTest in 3.038 seconds (JVM running for 3.877)
Shutting down ExecutorService 'applicationTaskExecutor'
{dataSource-1} inited
{dataSource-1} closed
Starting OrderServiceTest on localhost with PID 7886 (started by anqi in /Users/anqi/IdeaProjects/sell)
No active profile set, falling back to default profiles: default
Initializing ExecutorService 'applicationTaskExecutor'
Started OrderServiceTest in 2.44 seconds (JVM running for 3.097)
{dataSource-1} inited
Shutting down ExecutorService 'applicationTaskExecutor'
{dataSource-1} closed
Starting OrderServiceTest on localhost with PID 7908 (started by anqi in /Users/anqi/IdeaProjects/sell)
No active profile set, falling back to default profiles: default
Initializing ExecutorService 'applicationTaskExecutor'
Started OrderServiceTest in 3.129 seconds (JVM running for 4.022)
{dataSource-1} inited
Shutting down ExecutorService 'applicationTaskExecutor'
{dataSource-1} closed
Starting OrderServiceTest on localhost with PID 7954 (started by anqi in /Users/anqi/IdeaProjects/sell)
No active profile set, falling back to default profiles: default
Initializing ExecutorService 'applicationTaskExecutor'
Started OrderServiceTest in 3.049 seconds (JVM running for 3.965)
{dataSource-1} inited
Shutting down ExecutorService 'applicationTaskExecutor'
{dataSource-1} closed
Starting OrderServiceTest on localhost with PID 7985 (started by anqi in /Users/anqi/IdeaProjects/sell)
No active profile set, falling back to default profiles: default
Initializing ExecutorService 'applicationTaskExecutor'
Started OrderServiceTest in 3.059 seconds (JVM running for 3.93)
{dataSource-1} inited
Shutting down ExecutorService 'applicationTaskExecutor'
{dataSource-1} closed
Starting OrderServiceTest on localhost with PID 7998 (started by anqi in /Users/anqi/IdeaProjects/sell)
No active profile set, falling back to default profiles: default
Initializing ExecutorService 'applicationTaskExecutor'
Started OrderServiceTest in 2.866 seconds (JVM running for 3.69)
{dataSource-1} inited
Shutting down ExecutorService 'applicationTaskExecutor'
{dataSource-1} closed
Starting OrderServiceTest on localhost with PID 8009 (started by anqi in /Users/anqi/IdeaProjects/sell)
No active profile set, falling back to default profiles: default
Initializing ExecutorService 'applicationTaskExecutor'
Started OrderServiceTest in 2.819 seconds (JVM running for 3.69)
{dataSource-1} inited
Shutting down ExecutorService 'applicationTaskExecutor'
{dataSource-1} closed
Starting OrderServiceTest on localhost with PID 8045 (started by anqi in /Users/anqi/IdeaProjects/sell)
No active profile set, falling back to default profiles: default
Initializing ExecutorService 'applicationTaskExecutor'
Started OrderServiceTest in 2.896 seconds (JVM running for 3.744)
{dataSource-1} inited
Shutting down ExecutorService 'applicationTaskExecutor'
{dataSource-1} closed
Starting OrderServiceTest on localhost with PID 8073 (started by anqi in /Users/anqi/IdeaProjects/sell)
No active profile set, falling back to default profiles: default
Initializing ExecutorService 'applicationTaskExecutor'
Started OrderServiceTest in 2.897 seconds (JVM running for 3.735)
{dataSource-1} inited
Shutting down ExecutorService 'applicationTaskExecutor'
{dataSource-1} closed
